
============================================================
MSA Generation via MMseqs2 (UniRef100)
============================================================


============================================================
Generating MSA for InhA (P9WGR1)
============================================================

✓ Loaded sequence: 269 aa
Submitting InhA to MMseqs2...
✗ Failed: 503
  Response: <!doctype html>
<html>
<title>MMseqs2 search will be back!</title>
<style>
html, body {
    margin: 0;
    padding: 0;
    height: 100%;
    width: 100%;
}

html {
    overflow-y: scroll;
}

body {
    background: url('/docs/marv-error_2x.png') no-repeat right bottom;
    position:fixed;
    bottom:0;
}

.column {
    width:500px; margin: 0 auto;padding-top:10vh;font-family: -apple-system,BlinkMacSystemFont,"Segoe UI",Roboto,Oxyge    n-Sans,Ubuntu,Cantarell,"Helvetica Neue",sans-serif;
}

</style>
<div class="column"> 
<h1>MMseqs2 search will be back</h1>
<p>We are currently lacking resources to host both <a href="https://github.com/sokrypton/ColabFold">ColabFold</a> and the MMseqs2 search server. The search server will be back as soon as we can migrate ColabFold to different hardware.</p>
</div>
</html>


============================================================
FINAL SUMMARY
============================================================

✗ InhA       → N/A

0/1 proteins completed successfully

✗ No MSAs generated - check API status or try manual HMMER submission
